
> nextjs@0.1.0 build
> next build

 ⚠ Warning: Next.js inferred your workspace root, but it may not be correct.
 We detected multiple lockfiles and selected the directory of C:\Users\samro\package-lock.json as the root directory.
 To silence this warning, set `turbopack.root` in your Next.js config, or consider removing one of the lockfiles if it's not needed.
   See https://nextjs.org/docs/app/api-reference/config/next-config-js/turbopack#root-directory for more information.
 Detected additional lockfiles: 
   * C:\Users\samro\Desktop\srb-landing\package-lock.json

   ▲ Next.js 16.0.3 (Turbopack)
   - Environments: .env.local

   Creating an optimized production build ...
 ✓ Compiled successfully in 3.1s
   Running TypeScript ...
Failed to compile.

./app/api/stripe-webhook/route.ts:139:7
Type error: Type 'string | null | undefined' is not assignable to type 'string | undefined'.
  Type 'null' is not assignable to type 'string | undefined'.

[0m [90m 137 |[39m     [36mconst[39m result [33m=[39m [36mawait[39m addSubscriberToGroup({
 [90m 138 |[39m       email[33m,[39m
[31m[1m>[22m[39m[90m 139 |[39m       name[33m,[39m
 [90m     |[39m       [31m[1m^[22m[39m
 [90m 140 |[39m       groupId[33m:[39m customerGroupId[33m![39m[33m,[39m
 [90m 141 |[39m       apiKey[33m:[39m apiKey[33m![39m[33m,[39m
 [90m 142 |[39m     })[33m;[39m[0m
Next.js build worker exited with code: 1 and signal: null
